make.exe all --print-data-base --no-builtin-variables --no-builtin-rules --question
mingw32-make: *** No rule to make target 'all'.  Stop.
 
# GNU Make 4.2.1
# Built for x86_64-w64-mingw32
# Copyright (C) 1988-2016 Free Software Foundation, Inc.
# License GPLv3+: GNU GPL version 3 or later <http://gnu.org/licenses/gpl.html>
# This is free software: you are free to change and redistribute it.
# There is NO WARRANTY, to the extent permitted by law.

# Make data base, printed on Sun Mar 13 11:21:47 2022

# Variables

# 'override' directive
GNUMAKEFLAGS := 
# automatic
<D = $(patsubst %/,%,$(patsubst %\,%,$(dir $<)))
# automatic
?F = $(notdir $?)
# default
.SHELLFLAGS := -c
# environment
GTK_BASEPATH = C:\Program Files (x86)\GtkSharp\2.12\
# makefile
MAKEFLAGS = pqrR
# environment
VSCODE_LOG_NATIVE = false
# automatic
?D = $(patsubst %/,%,$(patsubst %\,%,$(dir $?)))
# environment
PYTHONENV = C:\Users\Poliveira\AppData\Local\Programs\Python\Python38-32
# automatic
@D = $(patsubst %/,%,$(patsubst %\,%,$(dir $@)))
# environment
HOMEDRIVE = C:
# automatic
@F = $(notdir $@)
# automatic
^D = $(patsubst %/,%,$(patsubst %\,%,$(dir $^)))
# makefile
CURDIR := c:/Users/Poliveira/Desktop/DEV/C++/tetris
# default
SHELL := C:/Program Files/Git/bin//sh.exe
# environment
WINDIR = C:\WINDOWS
# environment
VSCODE_NLS_CONFIG = {"locale":"en-us","availableLanguages":{},"_languagePackSupport":true}
# environment
VBOX_MSI_INSTALL_PATH = C:\Program Files\Oracle\VirtualBox\
# environment
ONEDRIVE = C:\Users\Poliveira\OneDrive
# environment
PATHEXT = .COM;.EXE;.BAT;.CMD;.VBS;.VBE;.JS;.JSE;.WSF;.WSH;.MSC;.wlua;.lexe;.RB;.RBW
# makefile
MAKEFILE_LIST := 
# environment
TMP = C:\Users\POLIVE~1\AppData\Local\Temp
# environment
NEKO_INSTPATH = C:\HaxeToolkit\neko
# environment
VSCODE_VERBOSE_LOGGING = true
# environment
PROGRAMW6432 = C:\Program Files
# environment
PROGRAMDATA = C:\ProgramData
# environment
VSCODE_IPC_HOOK_EXTHOST = \\.\pipe\vscode-ipc-f9474f94-44ab-4880-a0eb-1b126f6c8766-sock
# environment
VSCODE_CWD = D:\Program Files\Microsoft VS Code
# default
MAKE_HOST := x86_64-w64-mingw32
# environment
PATH = C:\Python310\Scripts\;C:\Python310\;C:\Program Files\Alacritty\;C:\WINDOWS\System32;C:\Users\Poliveira\AppData\Roaming\local\bin;C:\Users\Poliveira\AppData\Local\Microsoft\WindowsApps;C:\texlive\2017\bin\win32;C:\Users\Poliveira\AppData\Local\atom\bin;C:\Flex Windows\gcc\bin;C:\Flex Windows\bison\bin;D:\Program Files\Microsoft VS Code\bin;C:\Users\Poliveira\AppData\Roaming\npm;C:\Program Files\Imaginando\DLYM;C:\Program Files\Java\jdk1.8.0_161\bin;C:\WINDOWS\System32\WindowsPowerShell\v1.0\;C:\Program Files (x86)\Vim\vim81\;C:\Users\Poliveira\AppData\Local\bin\NASM;C:\Program Files\Haskell Platform\8.6.5\mingw\bin;C:\Users\Poliveira\Desktop\DEV\Vim, Emacs\;C:\MinGW\bin;C:\ProgramData\chocolatey\bin;C:\Program Files\Microsoft SQL Server\130\Tools\Binn\;C:\Program Files\erl10.3\bin;C:\Program Files (x86)\Elixir\bin;C:\Users\Poliveira\.mix\escripts;C:\boost\boost_1_72_0;C:\Users\Poliveira\Documents\ANTLR4;C:\Program Files\NVIDIA Corporation\NVIDIA NvDLISR;C:\Program Files\Racket;C:\Program Files (x86)\sbt\bin;C:\Windows\System32\wbem;C:\Users\Poliveira\source\repos\DymeAntlr\DymeAntlr\bin\Debug\netcoreapp3.1;C:\cygwin64\bin;C:\Users\Poliveira\AppData\Local\Programs\Python\Python37;C:\TDM-GCC-64\bin;C:\Program Files (x86)\Lua\5.1;C:\Program Files (x86)\Lua\5.1\clibs;C:\Program Files (x86)\Microsoft Visual Studio\2017\Community\VC\Tools\MSVC\14.16.27023\bin\Hostx64\x64;C:\Users\Poliveira\go\bin;C:\Users\Poliveira\AppData\Local\Programs\Python\Python37\Scripts;C:\Users\Poliveira\Desktop\DEV\Nim\nim-1.2.0\bin;C:\WINDOWS\system32;C:\WINDOWS;C:\WINDOWS\System32\Wbem;C:\WINDOWS\System32\WindowsPowerShell\v1.0\;C:\WINDOWS\System32\OpenSSH\;C:\HaxeToolkit\haxe;C:\HaxeToolkit\neko;C:\Program Files (x86)\Dr. Memory\bin64;C:\Program Files (x86)\Yarn\bin\;C:\Program Files (x86)\GTK2-Runtime\bin;C:\Program Files (x86)\Gpg4win\..\GnuPG\bin;C:\Program Files\WezTerm;C:\Program Files\dotnet\;C:\Program Files\Go\bin;C:\Program Files\Git\cmd;C:\Program Files (x86)\NVIDIA Corporation\PhysX\Common;D:\DEV\LLVM\llvm-project-llvmorg-12.0.0\build\bin;C:\Program Files\nodejs\;C:\Program Files\erl-24.1.7\bin;%USERPROFILE%\.mix\escripts;C:\Ruby30-x64\bin;C:\Users\Poliveira\AppData\Roaming\local\bin;C:\Users\Poliveira\scoop\apps\gcc\current\bin;C:\Users\Poliveira\.cargo\bin;C:\Program Files\Haskell\bin;C:\Program Files\Haskell Platform\8.6.5\lib\extralibs\bin;C:\Program Files\Haskell Platform\8.6.5\bin;C:\WINDOWS\System32;C:\Users\Poliveira\AppData\Roaming\cabal\bin;C:\Users\Poliveira\AppData\Local\Microsoft\WindowsApps;C:\Users\Poliveira\AppData\Local\atom\bin;D:\Program Files\Microsoft VS Code\bin;C:\Program Files\Imaginando\DLYM;C:\Program Files\Java\jdk1.8.0_161\bin;C:\WINDOWS\System32\WindowsPowerShell\v1.0\;C:\Program Files\Git\bin\;C:\Program Files\Git\cmd\;C:\Program Files (x86)\Vim\vim81\;C:\tools\ldc2-1.22.0-windows-x64\bin;C:\Users\Poliveira\Desktop\DEV\D\dcd;C:\tools\neovim\Neovim\bin;C:\Program Files (x86)\Vim\vim82;C:\Program Files\LLVM\bin;C:\Users\Poliveira\AppData\Local\Programs\Python\Python38-32;C:\Users\Poliveira\AppData\Local\Programs\Python\Python38-32\Scripts;D:\DEV\Utils\bin;C:\Users\Poliveira\AppData\Roaming\npm;C:\Program Files (x86)\Microsoft Visual Studio\2019\BuildTools\VC\Tools\MSVC\14.29.30133\bin\Hostx64\x64;C:\Users\Poliveira\Desktop\DEV\Odin\Odin;C:\Users\Poliveira\Desktop\DEV\CTags;C:\Users\Poliveira\Desktop\DEV\Zig\zig-0.10.0;C:\Users\Poliveira\Desktop\DEV\Zig\zls-0.9.0\bin;C:\Users\Poliveira\Desktop\DEV\Nim\nim-1.6.2\bin;C:\Users\Poliveira\.nimble\bin;C:\Users\Poliveira\Desktop\DEV\Nim\nim-1.6.2\dist\mingw64\bin;C:\Users\Poliveira\Desktop\DEV\Editors\Neovim\bin;C:\Users\Poliveira\scoop\shims;C:\Users\Poliveira\Desktop\DEV\Editors\.config\coc\extensions\coc-clangd-data\install\13.0.0\clangd_13.0.0\bin;C:\Users\Poliveira\AppData\Local\Programs\MiKTeX\miktex\bin\x64\;C:\Program Files (x86)\FontForgeBuilds\bin;C:\Users\Poliveira\Desktop\DEV\C++\vcpkg\vcpkg;C:\Program Files\CMake\bin;
# environment
COMMONPROGRAMW6432 = C:\Program Files\Common Files
# environment
GHCUP_INSTALL_BASE_PREFIX = C:\
# environment
CHOCOLATEYLASTPATHUPDATE = 132884010865142042
# environment
PROCESSOR_ARCHITECTURE = AMD64
# environment
USERPROFILE = C:\Users\Poliveira
# environment
CHOCOLATEYINSTALL = C:\ProgramData\chocolatey
# environment
RUBYOPT = -Eutf-8
# environment
ALLUSERSPROFILE = C:\ProgramData
# environment
GOPATH = C:\Users\Poliveira\go
# environment
VSCODE_LOG_STACK = false
# environment
NUMBER_OF_PROCESSORS = 4
# environment
ELECTRON_RUN_AS_NODE = 1
# default
.FEATURES := target-specific order-only second-expansion else-if shortest-stem undefine oneshell archives jobserver output-sync
# environment
CABAL_DIR = C:\cabal
# environment
PYTHONHOME = C:\Users\Poliveira\AppData\Local\Programs\Python\Python38-32
# environment
VPROJECT = D:\Program Files (x86)\Steam\steamapps\SourceMods\meltedsmod
# automatic
%F = $(notdir $%)
# environment
CHROME_CRASHPAD_PIPE_NAME = \\.\pipe\crashpad_5152_KIVCHNTLDAONBMSA
# environment
VSCODE_PIPE_LOGGING = true
# environment
COMPUTERNAME = DESKTOP-MS261NL
# environment
PROGRAMFILES = C:\Program Files
# default
.LOADED := 
# environment
DRIVERDATA = C:\Windows\System32\Drivers\DriverData
# environment
SOURCESDK = D:\Program Files (x86)\Steam\steamapps\common\SourceSDK
# environment
HAXEPATH = C:\HaxeToolkit\haxe
# environment
ORIGINAL_XDG_CURRENT_DESKTOP = undefined
# environment
USERNAME = Poliveira
# environment
PUBLIC = C:\Users\Public
# environment
VSCODE_AMD_ENTRYPOINT = vs/workbench/services/extensions/node/extensionHostProcess
# environment
HOME = C:\Users\Poliveira\Desktop\DEV\Editors
# environment
CHOCOLATEYTOOLSLOCATION = C:\tools
# environment
VSCODE_CODE_CACHE_PATH = C:\Users\Poliveira\AppData\Roaming\Code\CachedData\f80445acd5a3dadef24aa209168452a3d97cc326
# environment
APPLICATION_INSIGHTS_NO_DIAGNOSTIC_CHANNEL = 1
# environment
COMMONPROGRAMFILES = C:\Program Files\Common Files
# environment
LOGONSERVER = \\DESKTOP-MS261NL
# environment
DEV = D:\DEV
# environment
VSCODE_HANDLES_UNCAUGHT_ERRORS = true
# environment
USERDOMAIN = DESKTOP-MS261NL
# environment
LUA_DEV = C:\Program Files (x86)\Lua\5.1
# environment
MAKELEVEL := 0
# default
MAKE = $(MAKE_COMMAND)
# default
MAKECMDGOALS := all
# environment
SBT_HOME = C:\Program Files (x86)\sbt\
# default
MAKE_VERSION := 4.2.1
# makefile
.DEFAULT_GOAL := 
# environment
CLASSPATH = C:\Users\Poliveira\Documents\ANTLR4\antlr-4.8-complete.jar
# environment
PROGRAMFILES(X86) = C:\Program Files (x86)
# automatic
%D = $(patsubst %/,%,$(patsubst %\,%,$(dir $%)))
# environment
STACK_ROOT = C:\sr
# environment
LOCALAPPDATA = C:\Users\Poliveira\AppData\Local
# environment
PSMODULEPATH = C:\Program Files\WindowsPowerShell\Modules;C:\WINDOWS\system32\WindowsPowerShell\v1.0\Modules
# default
MAKE_COMMAND := C:/Users/Poliveira/scoop/apps/gcc/current/bin/mingw32-make
# default
.VARIABLES := 
# automatic
*F = $(notdir $*)
# environment
PROCESSOR_IDENTIFIER = Intel64 Family 6 Model 158 Stepping 9, GenuineIntel
# environment
OS = Windows_NT
# environment
VSCODE_IPC_HOOK = \\.\pipe\f81e7699d37f1b2ef54107d9c356b699-1.64.2-main-sock
# environment
LUA_OMFLIB = C:\Users\Poliveira\Desktop\DEV\Lua\lib\
# environment
HOMEPATH = \Users\Poliveira
# environment
COMMONPROGRAMFILES(X86) = C:\Program Files (x86)\Common Files
# environment
PROMPT = $P$G
# environment
MFLAGS = -pqrR
# automatic
*D = $(patsubst %/,%,$(patsubst %\,%,$(dir $*)))
# environment
LLVM_SYS_120_PREFIX = C:\Users\Poliveira\Desktop\DEV\LLVM\llvm-project-llvmorg-12.0.0\build\bin
# environment
SYSTEMROOT = C:\WINDOWS
# environment
_MSYS2_PREFIX = x86_64
# automatic
+D = $(patsubst %/,%,$(patsubst %\,%,$(dir $+)))
# automatic
+F = $(notdir $+)
# environment
APPDATA = C:\Users\Poliveira\AppData\Roaming
# environment
TEMP = C:\Users\POLIVE~1\AppData\Local\Temp
# environment
COMSPEC = C:\WINDOWS\system32\cmd.exe
# default
MAKEFILES := 
# environment
VBOX_USER_HOME = C:\vms\.VirtualBox
# automatic
<F = $(notdir $<)
# environment
XDG_CONFIG_HOME = C:\Users\Poliveira\Desktop\DEV\Editors\.config
# environment
LC_ALL = C
# environment
LUA_PATH = ;;C:\Program Files (x86)\Lua\5.1\lua\?.luac
# automatic
^F = $(notdir $^)
# environment
LUA_LIB = C:\Ruby26-x64\lib\ruby\gems\2.6.0\gems\rufus-lua-win-5.1.5\vendor\lua\bin\liblua5.1.0.dll
# default
SUFFIXES := 
# environment
SYSTEMDRIVE = C:
# environment
SESSIONNAME = Console
# environment
PROCESSOR_REVISION = 9e09
# default
.RECIPEPREFIX := 
# environment
_MSYS2_BASH = C:\tools\msys64\usr\bin\bash.exe
# environment
LANG = C
# environment
PROCESSOR_LEVEL = 6
# environment
VSCODE_PID = 5152
# environment
USERDOMAIN_ROAMINGPROFILE = DESKTOP-MS261NL
# variable set hash-table stats:
# Load=119/1024=12%, Rehash=0, Collisions=16/136=12%

# Pattern-specific Variable Values

# No pattern-specific variable values.

# Directories

# . (key c:/Users/Poliveira/Desktop/DEV/C++/tetris, mtime 1647170240): 9 files, no impossibilities.

# 9 files, no impossibilities in 1 directories.

# Implicit Rules

# No implicit rules.

# Files

# Not a target:
all:
#  Command line target.
#  Implicit rule search has been done.
#  File does not exist.
#  File has not been updated.

# Not a target:
Makefile:
#  Implicit rule search has been done.
#  File does not exist.
#  File has been updated.
#  Failed to be updated.

# Not a target:
makefile:
#  Implicit rule search has been done.
#  File does not exist.
#  File has been updated.
#  Failed to be updated.

# Not a target:
makefile.mak:
#  Implicit rule search has been done.
#  File does not exist.
#  File has been updated.
#  Failed to be updated.

# Not a target:
.DEFAULT:
#  Implicit rule search has not been done.
#  Modification time never checked.
#  File has not been updated.

# Not a target:
GNUmakefile:
#  Implicit rule search has been done.
#  File does not exist.
#  File has been updated.
#  Failed to be updated.

# files hash-table stats:
# Load=7/1024=1%, Rehash=0, Collisions=0/16=0%
# VPATH Search Paths

# No 'vpath' search paths.

# No general ('VPATH' variable) search path.

# strcache buffers: 1 (0) / strings = 16 / storage = 131 B / avg = 8 B
# current buf: size = 8162 B / used = 131 B / count = 16 / avg = 8 B

# strcache performance: lookups = 18 / hit rate = 11%
# hash-table stats:
# Load=16/8192=0%, Rehash=0, Collisions=1/18=6%
# Finished Make data base on Sun Mar 13 11:21:47 2022

 
